CRITICAL - 2021-11-20 10:34:03 --> Too few arguments to function CodeIgniter\HTTP\IncomingRequest::getFile(), 0 passed in E:\OpenServer\domains\pudidistream\trunk\app\Controllers\Administrator.php on line 256 and exactly 1 expected
#0 E:\OpenServer\domains\pudidistream\trunk\app\Controllers\Administrator.php(256): CodeIgniter\HTTP\IncomingRequest->getFile()
#1 E:\OpenServer\domains\pudidistream\trunk\vendor\codeigniter4\framework\system\CodeIgniter.php(824): App\Controllers\Administrator->video_upload()
#2 E:\OpenServer\domains\pudidistream\trunk\vendor\codeigniter4\framework\system\CodeIgniter.php(410): CodeIgniter\CodeIgniter->runController()
#3 E:\OpenServer\domains\pudidistream\trunk\vendor\codeigniter4\framework\system\CodeIgniter.php(318): CodeIgniter\CodeIgniter->handleRequest()
#4 E:\OpenServer\domains\pudidistream\trunk\index.php(44): CodeIgniter\CodeIgniter->run()
#5 {main}
CRITICAL - 2021-11-20 19:00:57 --> strpos(): Offset not contained in string
#0 [internal function]: CodeIgniter\Debug\Exceptions->errorHandler()
#1 E:\OpenServer\domains\pudidistream\trunk\vendor\codeigniter4\framework\system\Validation\Validation.php(702): strpos()
#2 E:\OpenServer\domains\pudidistream\trunk\vendor\codeigniter4\framework\system\Validation\Validation.php(138): CodeIgniter\Validation\Validation->splitRules()
#3 E:\OpenServer\domains\pudidistream\trunk\vendor\codeigniter4\framework\system\Controller.php(160): CodeIgniter\Validation\Validation->run()
#4 E:\OpenServer\domains\pudidistream\trunk\app\Controllers\Administrator.php(260): CodeIgniter\Controller->validate()
#5 E:\OpenServer\domains\pudidistream\trunk\vendor\codeigniter4\framework\system\CodeIgniter.php(824): App\Controllers\Administrator->video_upload()
#6 E:\OpenServer\domains\pudidistream\trunk\vendor\codeigniter4\framework\system\CodeIgniter.php(410): CodeIgniter\CodeIgniter->runController()
#7 E:\OpenServer\domains\pudidistream\trunk\vendor\codeigniter4\framework\system\CodeIgniter.php(318): CodeIgniter\CodeIgniter->handleRequest()
#8 E:\OpenServer\domains\pudidistream\trunk\index.php(44): CodeIgniter\CodeIgniter->run()
#9 {main}
CRITICAL - 2021-11-20 21:59:21 --> Undefined index: video_id
#0 E:\OpenServer\domains\pudidistream\trunk\app\Views\administrator\video\video_form.php(8): CodeIgniter\Debug\Exceptions->errorHandler()
#1 E:\OpenServer\domains\pudidistream\trunk\vendor\codeigniter4\framework\system\View\View.php(214): include('E:\\OpenServer\\d...')
#2 E:\OpenServer\domains\pudidistream\trunk\vendor\codeigniter4\framework\system\View\View.php(217): CodeIgniter\View\View->CodeIgniter\View\{closure}()
#3 E:\OpenServer\domains\pudidistream\trunk\vendor\codeigniter4\framework\system\Common.php(1097): CodeIgniter\View\View->render()
#4 E:\OpenServer\domains\pudidistream\trunk\app\Controllers\Administrator.php(254): view()
#5 E:\OpenServer\domains\pudidistream\trunk\vendor\codeigniter4\framework\system\CodeIgniter.php(824): App\Controllers\Administrator->video_form()
#6 E:\OpenServer\domains\pudidistream\trunk\vendor\codeigniter4\framework\system\CodeIgniter.php(410): CodeIgniter\CodeIgniter->runController()
#7 E:\OpenServer\domains\pudidistream\trunk\vendor\codeigniter4\framework\system\CodeIgniter.php(318): CodeIgniter\CodeIgniter->handleRequest()
#8 E:\OpenServer\domains\pudidistream\trunk\index.php(44): CodeIgniter\CodeIgniter->run()
#9 {main}
ERROR - 2021-11-20 22:04:51 --> Unknown column 'kvid' in 'field list'
CRITICAL - 2021-11-20 22:04:51 --> Unknown column 'kvid' in 'field list'
#0 E:\OpenServer\domains\pudidistream\trunk\vendor\codeigniter4\framework\system\Database\MySQLi\Connection.php(292): mysqli->query()
#1 E:\OpenServer\domains\pudidistream\trunk\vendor\codeigniter4\framework\system\Database\BaseConnection.php(670): CodeIgniter\Database\MySQLi\Connection->execute()
#2 E:\OpenServer\domains\pudidistream\trunk\vendor\codeigniter4\framework\system\Database\BaseConnection.php(598): CodeIgniter\Database\BaseConnection->simpleQuery()
#3 E:\OpenServer\domains\pudidistream\trunk\vendor\codeigniter4\framework\system\Database\BaseBuilder.php(1759): CodeIgniter\Database\BaseConnection->query()
#4 E:\OpenServer\domains\pudidistream\trunk\app\Models\MVideos.php(68): CodeIgniter\Database\BaseBuilder->insert()
#5 E:\OpenServer\domains\pudidistream\trunk\app\Controllers\Administrator.php(274): App\Models\MVideos->videoUpload()
#6 E:\OpenServer\domains\pudidistream\trunk\vendor\codeigniter4\framework\system\CodeIgniter.php(824): App\Controllers\Administrator->video_upload()
#7 E:\OpenServer\domains\pudidistream\trunk\vendor\codeigniter4\framework\system\CodeIgniter.php(410): CodeIgniter\CodeIgniter->runController()
#8 E:\OpenServer\domains\pudidistream\trunk\vendor\codeigniter4\framework\system\CodeIgniter.php(318): CodeIgniter\CodeIgniter->handleRequest()
#9 E:\OpenServer\domains\pudidistream\trunk\index.php(44): CodeIgniter\CodeIgniter->run()
#10 {main}
ERROR - 2021-11-20 22:07:15 --> Unknown column 'vid' in 'field list'
CRITICAL - 2021-11-20 22:07:15 --> Unknown column 'vid' in 'field list'
#0 E:\OpenServer\domains\pudidistream\trunk\vendor\codeigniter4\framework\system\Database\MySQLi\Connection.php(292): mysqli->query()
#1 E:\OpenServer\domains\pudidistream\trunk\vendor\codeigniter4\framework\system\Database\BaseConnection.php(670): CodeIgniter\Database\MySQLi\Connection->execute()
#2 E:\OpenServer\domains\pudidistream\trunk\vendor\codeigniter4\framework\system\Database\BaseConnection.php(598): CodeIgniter\Database\BaseConnection->simpleQuery()
#3 E:\OpenServer\domains\pudidistream\trunk\vendor\codeigniter4\framework\system\Database\BaseBuilder.php(1759): CodeIgniter\Database\BaseConnection->query()
#4 E:\OpenServer\domains\pudidistream\trunk\app\Models\MUtils.php(36): CodeIgniter\Database\BaseBuilder->insert()
#5 E:\OpenServer\domains\pudidistream\trunk\app\Controllers\BaseController.php(131): App\Models\MUtils->historyUser()
#6 E:\OpenServer\domains\pudidistream\trunk\app\Controllers\Administrator.php(275): App\Controllers\BaseController->historyUser()
#7 E:\OpenServer\domains\pudidistream\trunk\vendor\codeigniter4\framework\system\CodeIgniter.php(824): App\Controllers\Administrator->video_upload()
#8 E:\OpenServer\domains\pudidistream\trunk\vendor\codeigniter4\framework\system\CodeIgniter.php(410): CodeIgniter\CodeIgniter->runController()
#9 E:\OpenServer\domains\pudidistream\trunk\vendor\codeigniter4\framework\system\CodeIgniter.php(318): CodeIgniter\CodeIgniter->handleRequest()
#10 E:\OpenServer\domains\pudidistream\trunk\index.php(44): CodeIgniter\CodeIgniter->run()
#11 {main}
ERROR - 2021-11-20 22:09:05 --> Unknown column 'vid' in 'field list'
CRITICAL - 2021-11-20 22:09:05 --> Unknown column 'vid' in 'field list'
#0 E:\OpenServer\domains\pudidistream\trunk\vendor\codeigniter4\framework\system\Database\MySQLi\Connection.php(292): mysqli->query()
#1 E:\OpenServer\domains\pudidistream\trunk\vendor\codeigniter4\framework\system\Database\BaseConnection.php(670): CodeIgniter\Database\MySQLi\Connection->execute()
#2 E:\OpenServer\domains\pudidistream\trunk\vendor\codeigniter4\framework\system\Database\BaseConnection.php(598): CodeIgniter\Database\BaseConnection->simpleQuery()
#3 E:\OpenServer\domains\pudidistream\trunk\vendor\codeigniter4\framework\system\Database\BaseBuilder.php(1759): CodeIgniter\Database\BaseConnection->query()
#4 E:\OpenServer\domains\pudidistream\trunk\app\Models\MUtils.php(36): CodeIgniter\Database\BaseBuilder->insert()
#5 E:\OpenServer\domains\pudidistream\trunk\app\Controllers\BaseController.php(131): App\Models\MUtils->historyUser()
#6 E:\OpenServer\domains\pudidistream\trunk\app\Controllers\Administrator.php(275): App\Controllers\BaseController->historyUser()
#7 E:\OpenServer\domains\pudidistream\trunk\vendor\codeigniter4\framework\system\CodeIgniter.php(824): App\Controllers\Administrator->video_upload()
#8 E:\OpenServer\domains\pudidistream\trunk\vendor\codeigniter4\framework\system\CodeIgniter.php(410): CodeIgniter\CodeIgniter->runController()
#9 E:\OpenServer\domains\pudidistream\trunk\vendor\codeigniter4\framework\system\CodeIgniter.php(318): CodeIgniter\CodeIgniter->handleRequest()
#10 E:\OpenServer\domains\pudidistream\trunk\index.php(44): CodeIgniter\CodeIgniter->run()
#11 {main}
