CRITICAL - 2021-11-29 07:39:33 --> Undefined offset: 1
#0 E:\OpenServer\domains\pudidistream\trunk\app\Helpers\ssl_helper.php(31): CodeIgniter\Debug\Exceptions->errorHandler()
#1 E:\OpenServer\domains\pudidistream\trunk\app\Controllers\Movies.php(11): seo_url_decode()
#2 E:\OpenServer\domains\pudidistream\trunk\vendor\codeigniter4\framework\system\CodeIgniter.php(824): App\Controllers\Movies->index()
#3 E:\OpenServer\domains\pudidistream\trunk\vendor\codeigniter4\framework\system\CodeIgniter.php(410): CodeIgniter\CodeIgniter->runController()
#4 E:\OpenServer\domains\pudidistream\trunk\vendor\codeigniter4\framework\system\CodeIgniter.php(318): CodeIgniter\CodeIgniter->handleRequest()
#5 E:\OpenServer\domains\pudidistream\trunk\index.php(44): CodeIgniter\CodeIgniter->run()
#6 {main}
CRITICAL - 2021-11-29 07:40:45 --> Undefined offset: 1
#0 E:\OpenServer\domains\pudidistream\trunk\app\Helpers\ssl_helper.php(31): CodeIgniter\Debug\Exceptions->errorHandler()
#1 E:\OpenServer\domains\pudidistream\trunk\app\Controllers\Movies.php(11): seo_url_decode()
#2 E:\OpenServer\domains\pudidistream\trunk\vendor\codeigniter4\framework\system\CodeIgniter.php(824): App\Controllers\Movies->index()
#3 E:\OpenServer\domains\pudidistream\trunk\vendor\codeigniter4\framework\system\CodeIgniter.php(410): CodeIgniter\CodeIgniter->runController()
#4 E:\OpenServer\domains\pudidistream\trunk\vendor\codeigniter4\framework\system\CodeIgniter.php(318): CodeIgniter\CodeIgniter->handleRequest()
#5 E:\OpenServer\domains\pudidistream\trunk\index.php(44): CodeIgniter\CodeIgniter->run()
#6 {main}
CRITICAL - 2021-11-29 07:41:07 --> Undefined offset: 1
#0 E:\OpenServer\domains\pudidistream\trunk\app\Helpers\ssl_helper.php(31): CodeIgniter\Debug\Exceptions->errorHandler()
#1 E:\OpenServer\domains\pudidistream\trunk\app\Controllers\Movies.php(11): seo_url_decode()
#2 E:\OpenServer\domains\pudidistream\trunk\vendor\codeigniter4\framework\system\CodeIgniter.php(824): App\Controllers\Movies->index()
#3 E:\OpenServer\domains\pudidistream\trunk\vendor\codeigniter4\framework\system\CodeIgniter.php(410): CodeIgniter\CodeIgniter->runController()
#4 E:\OpenServer\domains\pudidistream\trunk\vendor\codeigniter4\framework\system\CodeIgniter.php(318): CodeIgniter\CodeIgniter->handleRequest()
#5 E:\OpenServer\domains\pudidistream\trunk\index.php(44): CodeIgniter\CodeIgniter->run()
#6 {main}
CRITICAL - 2021-11-29 07:42:14 --> Undefined offset: 1
#0 E:\OpenServer\domains\pudidistream\trunk\app\Helpers\ssl_helper.php(31): CodeIgniter\Debug\Exceptions->errorHandler()
#1 E:\OpenServer\domains\pudidistream\trunk\app\Controllers\Movies.php(11): seo_url_decode()
#2 E:\OpenServer\domains\pudidistream\trunk\vendor\codeigniter4\framework\system\CodeIgniter.php(824): App\Controllers\Movies->index()
#3 E:\OpenServer\domains\pudidistream\trunk\vendor\codeigniter4\framework\system\CodeIgniter.php(410): CodeIgniter\CodeIgniter->runController()
#4 E:\OpenServer\domains\pudidistream\trunk\vendor\codeigniter4\framework\system\CodeIgniter.php(318): CodeIgniter\CodeIgniter->handleRequest()
#5 E:\OpenServer\domains\pudidistream\trunk\index.php(44): CodeIgniter\CodeIgniter->run()
#6 {main}
CRITICAL - 2021-11-29 07:44:17 --> Undefined offset: 1
#0 E:\OpenServer\domains\pudidistream\trunk\app\Helpers\ssl_helper.php(31): CodeIgniter\Debug\Exceptions->errorHandler()
#1 E:\OpenServer\domains\pudidistream\trunk\app\Controllers\Movies.php(11): seo_url_decode()
#2 E:\OpenServer\domains\pudidistream\trunk\vendor\codeigniter4\framework\system\CodeIgniter.php(824): App\Controllers\Movies->index()
#3 E:\OpenServer\domains\pudidistream\trunk\vendor\codeigniter4\framework\system\CodeIgniter.php(410): CodeIgniter\CodeIgniter->runController()
#4 E:\OpenServer\domains\pudidistream\trunk\vendor\codeigniter4\framework\system\CodeIgniter.php(318): CodeIgniter\CodeIgniter->handleRequest()
#5 E:\OpenServer\domains\pudidistream\trunk\index.php(44): CodeIgniter\CodeIgniter->run()
#6 {main}
CRITICAL - 2021-11-29 07:45:17 --> Invalid file: landing/movies/movies_comments.php
#0 E:\OpenServer\domains\pudidistream\trunk\vendor\codeigniter4\framework\system\View\View.php(198): CodeIgniter\Exceptions\FrameworkException::forInvalidFile()
#1 E:\OpenServer\domains\pudidistream\trunk\vendor\codeigniter4\framework\system\Common.php(1097): CodeIgniter\View\View->render()
#2 E:\OpenServer\domains\pudidistream\trunk\app\Controllers\Movies.php(21): view()
#3 E:\OpenServer\domains\pudidistream\trunk\vendor\codeigniter4\framework\system\CodeIgniter.php(824): App\Controllers\Movies->get_comments()
#4 E:\OpenServer\domains\pudidistream\trunk\vendor\codeigniter4\framework\system\CodeIgniter.php(410): CodeIgniter\CodeIgniter->runController()
#5 E:\OpenServer\domains\pudidistream\trunk\vendor\codeigniter4\framework\system\CodeIgniter.php(318): CodeIgniter\CodeIgniter->handleRequest()
#6 E:\OpenServer\domains\pudidistream\trunk\index.php(44): CodeIgniter\CodeIgniter->run()
#7 {main}
CRITICAL - 2021-11-29 08:06:41 --> Undefined variable: ammount
#0 E:\OpenServer\domains\pudidistream\trunk\app\Views\landing\movies\movies.php(108): CodeIgniter\Debug\Exceptions->errorHandler()
#1 E:\OpenServer\domains\pudidistream\trunk\vendor\codeigniter4\framework\system\View\View.php(214): include('E:\\OpenServer\\d...')
#2 E:\OpenServer\domains\pudidistream\trunk\vendor\codeigniter4\framework\system\View\View.php(217): CodeIgniter\View\View->CodeIgniter\View\{closure}()
#3 E:\OpenServer\domains\pudidistream\trunk\vendor\codeigniter4\framework\system\Common.php(1097): CodeIgniter\View\View->render()
#4 E:\OpenServer\domains\pudidistream\trunk\app\Controllers\Movies.php(16): view()
#5 E:\OpenServer\domains\pudidistream\trunk\vendor\codeigniter4\framework\system\CodeIgniter.php(824): App\Controllers\Movies->index()
#6 E:\OpenServer\domains\pudidistream\trunk\vendor\codeigniter4\framework\system\CodeIgniter.php(410): CodeIgniter\CodeIgniter->runController()
#7 E:\OpenServer\domains\pudidistream\trunk\vendor\codeigniter4\framework\system\CodeIgniter.php(318): CodeIgniter\CodeIgniter->handleRequest()
#8 E:\OpenServer\domains\pudidistream\trunk\index.php(44): CodeIgniter\CodeIgniter->run()
#9 {main}
CRITICAL - 2021-11-29 08:07:01 --> Undefined variable: ammount
#0 E:\OpenServer\domains\pudidistream\trunk\app\Views\landing\movies\movies.php(108): CodeIgniter\Debug\Exceptions->errorHandler()
#1 E:\OpenServer\domains\pudidistream\trunk\vendor\codeigniter4\framework\system\View\View.php(214): include('E:\\OpenServer\\d...')
#2 E:\OpenServer\domains\pudidistream\trunk\vendor\codeigniter4\framework\system\View\View.php(217): CodeIgniter\View\View->CodeIgniter\View\{closure}()
#3 E:\OpenServer\domains\pudidistream\trunk\vendor\codeigniter4\framework\system\Common.php(1097): CodeIgniter\View\View->render()
#4 E:\OpenServer\domains\pudidistream\trunk\app\Controllers\Movies.php(16): view()
#5 E:\OpenServer\domains\pudidistream\trunk\vendor\codeigniter4\framework\system\CodeIgniter.php(824): App\Controllers\Movies->index()
#6 E:\OpenServer\domains\pudidistream\trunk\vendor\codeigniter4\framework\system\CodeIgniter.php(410): CodeIgniter\CodeIgniter->runController()
#7 E:\OpenServer\domains\pudidistream\trunk\vendor\codeigniter4\framework\system\CodeIgniter.php(318): CodeIgniter\CodeIgniter->handleRequest()
#8 E:\OpenServer\domains\pudidistream\trunk\index.php(44): CodeIgniter\CodeIgniter->run()
#9 {main}
CRITICAL - 2021-11-29 08:49:50 --> You must set the database table to be used with your query.
#0 E:\OpenServer\domains\pudidistream\trunk\vendor\codeigniter4\framework\system\Model.php(545): CodeIgniter\Database\BaseConnection->table()
#1 E:\OpenServer\domains\pudidistream\trunk\vendor\codeigniter4\framework\system\Model.php(717): CodeIgniter\Model->builder()
#2 E:\OpenServer\domains\pudidistream\trunk\app\Controllers\Movies.php(38): CodeIgniter\Model->__call()
#3 E:\OpenServer\domains\pudidistream\trunk\vendor\codeigniter4\framework\system\CodeIgniter.php(824): App\Controllers\Movies->comments_save()
#4 E:\OpenServer\domains\pudidistream\trunk\vendor\codeigniter4\framework\system\CodeIgniter.php(410): CodeIgniter\CodeIgniter->runController()
#5 E:\OpenServer\domains\pudidistream\trunk\vendor\codeigniter4\framework\system\CodeIgniter.php(318): CodeIgniter\CodeIgniter->handleRequest()
#6 E:\OpenServer\domains\pudidistream\trunk\index.php(44): CodeIgniter\CodeIgniter->run()
#7 {main}
CRITICAL - 2021-11-29 08:59:53 --> Undefined variable: comment
#0 E:\OpenServer\domains\pudidistream\trunk\app\Views\landing\movies\movies.php(120): CodeIgniter\Debug\Exceptions->errorHandler()
#1 E:\OpenServer\domains\pudidistream\trunk\vendor\codeigniter4\framework\system\View\View.php(214): include('E:\\OpenServer\\d...')
#2 E:\OpenServer\domains\pudidistream\trunk\vendor\codeigniter4\framework\system\View\View.php(217): CodeIgniter\View\View->CodeIgniter\View\{closure}()
#3 E:\OpenServer\domains\pudidistream\trunk\vendor\codeigniter4\framework\system\Common.php(1097): CodeIgniter\View\View->render()
#4 E:\OpenServer\domains\pudidistream\trunk\app\Controllers\Movies.php(23): view()
#5 E:\OpenServer\domains\pudidistream\trunk\vendor\codeigniter4\framework\system\CodeIgniter.php(824): App\Controllers\Movies->index()
#6 E:\OpenServer\domains\pudidistream\trunk\vendor\codeigniter4\framework\system\CodeIgniter.php(410): CodeIgniter\CodeIgniter->runController()
#7 E:\OpenServer\domains\pudidistream\trunk\vendor\codeigniter4\framework\system\CodeIgniter.php(318): CodeIgniter\CodeIgniter->handleRequest()
#8 E:\OpenServer\domains\pudidistream\trunk\index.php(44): CodeIgniter\CodeIgniter->run()
#9 {main}
