CRITICAL - 2022-02-17 21:28:23 --> Too few arguments to function App\Controllers\Users\Profile::index(), 0 passed in E:\OpenServer\domains\pudidistream\trunk\vendor\codeigniter4\framework\system\CodeIgniter.php on line 824 and exactly 1 expected
#0 E:\OpenServer\domains\pudidistream\trunk\vendor\codeigniter4\framework\system\CodeIgniter.php(824): App\Controllers\Users\Profile->index()
#1 E:\OpenServer\domains\pudidistream\trunk\vendor\codeigniter4\framework\system\CodeIgniter.php(410): CodeIgniter\CodeIgniter->runController()
#2 E:\OpenServer\domains\pudidistream\trunk\vendor\codeigniter4\framework\system\CodeIgniter.php(318): CodeIgniter\CodeIgniter->handleRequest()
#3 E:\OpenServer\domains\pudidistream\trunk\index.php(44): CodeIgniter\CodeIgniter->run()
#4 {main}
CRITICAL - 2022-02-17 21:28:37 --> Invalid file: landing/user/user.php
#0 E:\OpenServer\domains\pudidistream\trunk\vendor\codeigniter4\framework\system\View\View.php(198): CodeIgniter\Exceptions\FrameworkException::forInvalidFile()
#1 E:\OpenServer\domains\pudidistream\trunk\vendor\codeigniter4\framework\system\Common.php(1097): CodeIgniter\View\View->render()
#2 E:\OpenServer\domains\pudidistream\trunk\app\Controllers\Users\Profile.php(26): view()
#3 E:\OpenServer\domains\pudidistream\trunk\vendor\codeigniter4\framework\system\CodeIgniter.php(824): App\Controllers\Users\Profile->index()
#4 E:\OpenServer\domains\pudidistream\trunk\vendor\codeigniter4\framework\system\CodeIgniter.php(410): CodeIgniter\CodeIgniter->runController()
#5 E:\OpenServer\domains\pudidistream\trunk\vendor\codeigniter4\framework\system\CodeIgniter.php(318): CodeIgniter\CodeIgniter->handleRequest()
#6 E:\OpenServer\domains\pudidistream\trunk\index.php(44): CodeIgniter\CodeIgniter->run()
#7 {main}
CRITICAL - 2022-02-17 21:30:42 --> Invalid file: landing/users/profile.php
#0 E:\OpenServer\domains\pudidistream\trunk\vendor\codeigniter4\framework\system\View\View.php(198): CodeIgniter\Exceptions\FrameworkException::forInvalidFile()
#1 E:\OpenServer\domains\pudidistream\trunk\vendor\codeigniter4\framework\system\Common.php(1097): CodeIgniter\View\View->render()
#2 E:\OpenServer\domains\pudidistream\trunk\app\Controllers\Users\Profile.php(26): view()
#3 E:\OpenServer\domains\pudidistream\trunk\vendor\codeigniter4\framework\system\CodeIgniter.php(824): App\Controllers\Users\Profile->index()
#4 E:\OpenServer\domains\pudidistream\trunk\vendor\codeigniter4\framework\system\CodeIgniter.php(410): CodeIgniter\CodeIgniter->runController()
#5 E:\OpenServer\domains\pudidistream\trunk\vendor\codeigniter4\framework\system\CodeIgniter.php(318): CodeIgniter\CodeIgniter->handleRequest()
#6 E:\OpenServer\domains\pudidistream\trunk\index.php(44): CodeIgniter\CodeIgniter->run()
#7 {main}
CRITICAL - 2022-02-17 21:30:57 --> Invalid file: landing/users/profile/profile.php
#0 E:\OpenServer\domains\pudidistream\trunk\vendor\codeigniter4\framework\system\View\View.php(198): CodeIgniter\Exceptions\FrameworkException::forInvalidFile()
#1 E:\OpenServer\domains\pudidistream\trunk\vendor\codeigniter4\framework\system\Common.php(1097): CodeIgniter\View\View->render()
#2 E:\OpenServer\domains\pudidistream\trunk\app\Controllers\Users\Profile.php(26): view()
#3 E:\OpenServer\domains\pudidistream\trunk\vendor\codeigniter4\framework\system\CodeIgniter.php(824): App\Controllers\Users\Profile->index()
#4 E:\OpenServer\domains\pudidistream\trunk\vendor\codeigniter4\framework\system\CodeIgniter.php(410): CodeIgniter\CodeIgniter->runController()
#5 E:\OpenServer\domains\pudidistream\trunk\vendor\codeigniter4\framework\system\CodeIgniter.php(318): CodeIgniter\CodeIgniter->handleRequest()
#6 E:\OpenServer\domains\pudidistream\trunk\index.php(44): CodeIgniter\CodeIgniter->run()
#7 {main}
