CRITICAL - 2021-11-26 06:23:41 --> Trying to access array offset on value of type null
#0 E:\OpenServer\domains\pudidistream\trunk\app\Views\administrator\video_slide\video_slide_form.php(21): CodeIgniter\Debug\Exceptions->errorHandler()
#1 E:\OpenServer\domains\pudidistream\trunk\vendor\codeigniter4\framework\system\View\View.php(214): include('E:\\OpenServer\\d...')
#2 E:\OpenServer\domains\pudidistream\trunk\vendor\codeigniter4\framework\system\View\View.php(217): CodeIgniter\View\View->CodeIgniter\View\{closure}()
#3 E:\OpenServer\domains\pudidistream\trunk\vendor\codeigniter4\framework\system\Common.php(1097): CodeIgniter\View\View->render()
#4 E:\OpenServer\domains\pudidistream\trunk\app\Controllers\Administrator.php(360): view()
#5 E:\OpenServer\domains\pudidistream\trunk\vendor\codeigniter4\framework\system\CodeIgniter.php(824): App\Controllers\Administrator->video_slide_form()
#6 E:\OpenServer\domains\pudidistream\trunk\vendor\codeigniter4\framework\system\CodeIgniter.php(410): CodeIgniter\CodeIgniter->runController()
#7 E:\OpenServer\domains\pudidistream\trunk\vendor\codeigniter4\framework\system\CodeIgniter.php(318): CodeIgniter\CodeIgniter->handleRequest()
#8 E:\OpenServer\domains\pudidistream\trunk\index.php(44): CodeIgniter\CodeIgniter->run()
#9 {main}
CRITICAL - 2021-11-26 06:23:55 --> Trying to access array offset on value of type null
#0 E:\OpenServer\domains\pudidistream\trunk\app\Views\administrator\video_slide\video_slide_form.php(21): CodeIgniter\Debug\Exceptions->errorHandler()
#1 E:\OpenServer\domains\pudidistream\trunk\vendor\codeigniter4\framework\system\View\View.php(214): include('E:\\OpenServer\\d...')
#2 E:\OpenServer\domains\pudidistream\trunk\vendor\codeigniter4\framework\system\View\View.php(217): CodeIgniter\View\View->CodeIgniter\View\{closure}()
#3 E:\OpenServer\domains\pudidistream\trunk\vendor\codeigniter4\framework\system\Common.php(1097): CodeIgniter\View\View->render()
#4 E:\OpenServer\domains\pudidistream\trunk\app\Controllers\Administrator.php(360): view()
#5 E:\OpenServer\domains\pudidistream\trunk\vendor\codeigniter4\framework\system\CodeIgniter.php(824): App\Controllers\Administrator->video_slide_form()
#6 E:\OpenServer\domains\pudidistream\trunk\vendor\codeigniter4\framework\system\CodeIgniter.php(410): CodeIgniter\CodeIgniter->runController()
#7 E:\OpenServer\domains\pudidistream\trunk\vendor\codeigniter4\framework\system\CodeIgniter.php(318): CodeIgniter\CodeIgniter->handleRequest()
#8 E:\OpenServer\domains\pudidistream\trunk\index.php(44): CodeIgniter\CodeIgniter->run()
#9 {main}
CRITICAL - 2021-11-26 06:29:35 --> A non-numeric value encountered
#0 E:\OpenServer\domains\pudidistream\trunk\app\Models\MVideos.php(113): CodeIgniter\Debug\Exceptions->errorHandler()
#1 E:\OpenServer\domains\pudidistream\trunk\app\Controllers\Administrator.php(358): App\Models\MVideos->getSelectVideo()
#2 E:\OpenServer\domains\pudidistream\trunk\vendor\codeigniter4\framework\system\CodeIgniter.php(824): App\Controllers\Administrator->video_slide_form()
#3 E:\OpenServer\domains\pudidistream\trunk\vendor\codeigniter4\framework\system\CodeIgniter.php(410): CodeIgniter\CodeIgniter->runController()
#4 E:\OpenServer\domains\pudidistream\trunk\vendor\codeigniter4\framework\system\CodeIgniter.php(318): CodeIgniter\CodeIgniter->handleRequest()
#5 E:\OpenServer\domains\pudidistream\trunk\index.php(44): CodeIgniter\CodeIgniter->run()
#6 {main}
ERROR - 2021-11-26 06:30:24 --> Unknown column 'v.video_kategori_id' in 'on clause'
CRITICAL - 2021-11-26 06:30:24 --> Unknown column 'v.video_kategori_id' in 'on clause'
#0 E:\OpenServer\domains\pudidistream\trunk\vendor\codeigniter4\framework\system\Database\MySQLi\Connection.php(292): mysqli->query()
#1 E:\OpenServer\domains\pudidistream\trunk\vendor\codeigniter4\framework\system\Database\BaseConnection.php(670): CodeIgniter\Database\MySQLi\Connection->execute()
#2 E:\OpenServer\domains\pudidistream\trunk\vendor\codeigniter4\framework\system\Database\BaseConnection.php(598): CodeIgniter\Database\BaseConnection->simpleQuery()
#3 E:\OpenServer\domains\pudidistream\trunk\vendor\codeigniter4\framework\system\Database\BaseBuilder.php(1443): CodeIgniter\Database\BaseConnection->query()
#4 E:\OpenServer\domains\pudidistream\trunk\app\Models\MVideos.php(116): CodeIgniter\Database\BaseBuilder->get()
#5 E:\OpenServer\domains\pudidistream\trunk\app\Controllers\Administrator.php(358): App\Models\MVideos->getSelectVideo()
#6 E:\OpenServer\domains\pudidistream\trunk\vendor\codeigniter4\framework\system\CodeIgniter.php(824): App\Controllers\Administrator->video_slide_form()
#7 E:\OpenServer\domains\pudidistream\trunk\vendor\codeigniter4\framework\system\CodeIgniter.php(410): CodeIgniter\CodeIgniter->runController()
#8 E:\OpenServer\domains\pudidistream\trunk\vendor\codeigniter4\framework\system\CodeIgniter.php(318): CodeIgniter\CodeIgniter->handleRequest()
#9 E:\OpenServer\domains\pudidistream\trunk\index.php(44): CodeIgniter\CodeIgniter->run()
#10 {main}
CRITICAL - 2021-11-26 07:19:11 --> Undefined property: App\Controllers\Utils::$m_utils
#0 E:\OpenServer\domains\pudidistream\trunk\app\Controllers\Utils.php(12): CodeIgniter\Debug\Exceptions->errorHandler()
#1 E:\OpenServer\domains\pudidistream\trunk\vendor\codeigniter4\framework\system\CodeIgniter.php(824): App\Controllers\Utils->get_select_video()
#2 E:\OpenServer\domains\pudidistream\trunk\vendor\codeigniter4\framework\system\CodeIgniter.php(410): CodeIgniter\CodeIgniter->runController()
#3 E:\OpenServer\domains\pudidistream\trunk\vendor\codeigniter4\framework\system\CodeIgniter.php(318): CodeIgniter\CodeIgniter->handleRequest()
#4 E:\OpenServer\domains\pudidistream\trunk\index.php(44): CodeIgniter\CodeIgniter->run()
#5 {main}
CRITICAL - 2021-11-26 07:19:13 --> Undefined property: App\Controllers\Utils::$m_utils
#0 E:\OpenServer\domains\pudidistream\trunk\app\Controllers\Utils.php(12): CodeIgniter\Debug\Exceptions->errorHandler()
#1 E:\OpenServer\domains\pudidistream\trunk\vendor\codeigniter4\framework\system\CodeIgniter.php(824): App\Controllers\Utils->get_select_video()
#2 E:\OpenServer\domains\pudidistream\trunk\vendor\codeigniter4\framework\system\CodeIgniter.php(410): CodeIgniter\CodeIgniter->runController()
#3 E:\OpenServer\domains\pudidistream\trunk\vendor\codeigniter4\framework\system\CodeIgniter.php(318): CodeIgniter\CodeIgniter->handleRequest()
#4 E:\OpenServer\domains\pudidistream\trunk\index.php(44): CodeIgniter\CodeIgniter->run()
#5 {main}
CRITICAL - 2021-11-26 08:02:54 --> Argument 2 passed to CodeIgniter\Database\BaseBuilder::like() must be of the type string, null given, called in E:\OpenServer\domains\pudidistream\trunk\app\Models\MUtils.php on line 56
#0 E:\OpenServer\domains\pudidistream\trunk\app\Models\MUtils.php(56): CodeIgniter\Database\BaseBuilder->like()
#1 E:\OpenServer\domains\pudidistream\trunk\app\Controllers\Utils.php(18): App\Models\MUtils->getSelect2()
#2 E:\OpenServer\domains\pudidistream\trunk\vendor\codeigniter4\framework\system\CodeIgniter.php(824): App\Controllers\Utils->get_select_video()
#3 E:\OpenServer\domains\pudidistream\trunk\vendor\codeigniter4\framework\system\CodeIgniter.php(410): CodeIgniter\CodeIgniter->runController()
#4 E:\OpenServer\domains\pudidistream\trunk\vendor\codeigniter4\framework\system\CodeIgniter.php(318): CodeIgniter\CodeIgniter->handleRequest()
#5 E:\OpenServer\domains\pudidistream\trunk\index.php(44): CodeIgniter\CodeIgniter->run()
#6 {main}
ERROR - 2021-11-26 08:24:31 --> Column 'video_id' in order clause is ambiguous
CRITICAL - 2021-11-26 08:24:31 --> Column 'video_id' in order clause is ambiguous
#0 E:\OpenServer\domains\pudidistream\trunk\vendor\codeigniter4\framework\system\Database\MySQLi\Connection.php(292): mysqli->query()
#1 E:\OpenServer\domains\pudidistream\trunk\vendor\codeigniter4\framework\system\Database\BaseConnection.php(670): CodeIgniter\Database\MySQLi\Connection->execute()
#2 E:\OpenServer\domains\pudidistream\trunk\vendor\codeigniter4\framework\system\Database\BaseConnection.php(598): CodeIgniter\Database\BaseConnection->simpleQuery()
#3 E:\OpenServer\domains\pudidistream\trunk\vendor\codeigniter4\framework\system\Database\BaseBuilder.php(1443): CodeIgniter\Database\BaseConnection->query()
#4 E:\OpenServer\domains\pudidistream\trunk\app\Libraries\Datatables.php(196): CodeIgniter\Database\BaseBuilder->get()
#5 E:\OpenServer\domains\pudidistream\trunk\app\Controllers\Administrator.php(347): App\Libraries\Datatables->get()
#6 E:\OpenServer\domains\pudidistream\trunk\vendor\codeigniter4\framework\system\CodeIgniter.php(824): App\Controllers\Administrator->video_slide_fetch()
#7 E:\OpenServer\domains\pudidistream\trunk\vendor\codeigniter4\framework\system\CodeIgniter.php(410): CodeIgniter\CodeIgniter->runController()
#8 E:\OpenServer\domains\pudidistream\trunk\vendor\codeigniter4\framework\system\CodeIgniter.php(318): CodeIgniter\CodeIgniter->handleRequest()
#9 E:\OpenServer\domains\pudidistream\trunk\index.php(44): CodeIgniter\CodeIgniter->run()
#10 {main}
ERROR - 2021-11-26 08:41:48 --> Table 'pudidi_stream.video_slider' doesn't exist
CRITICAL - 2021-11-26 08:41:48 --> Table 'pudidi_stream.video_slider' doesn't exist
#0 E:\OpenServer\domains\pudidistream\trunk\vendor\codeigniter4\framework\system\Database\MySQLi\Connection.php(292): mysqli->query()
#1 E:\OpenServer\domains\pudidistream\trunk\vendor\codeigniter4\framework\system\Database\BaseConnection.php(670): CodeIgniter\Database\MySQLi\Connection->execute()
#2 E:\OpenServer\domains\pudidistream\trunk\vendor\codeigniter4\framework\system\Database\BaseConnection.php(598): CodeIgniter\Database\BaseConnection->simpleQuery()
#3 E:\OpenServer\domains\pudidistream\trunk\vendor\codeigniter4\framework\system\Database\BaseBuilder.php(1443): CodeIgniter\Database\BaseConnection->query()
#4 E:\OpenServer\domains\pudidistream\trunk\app\Models\MVideos.php(159): CodeIgniter\Database\BaseBuilder->get()
#5 E:\OpenServer\domains\pudidistream\trunk\app\Controllers\Landing.php(11): App\Models\MVideos->getSlideVideo()
#6 E:\OpenServer\domains\pudidistream\trunk\vendor\codeigniter4\framework\system\CodeIgniter.php(824): App\Controllers\Landing->index()
#7 E:\OpenServer\domains\pudidistream\trunk\vendor\codeigniter4\framework\system\CodeIgniter.php(410): CodeIgniter\CodeIgniter->runController()
#8 E:\OpenServer\domains\pudidistream\trunk\vendor\codeigniter4\framework\system\CodeIgniter.php(318): CodeIgniter\CodeIgniter->handleRequest()
#9 E:\OpenServer\domains\pudidistream\trunk\index.php(44): CodeIgniter\CodeIgniter->run()
#10 {main}
ERROR - 2021-11-26 08:42:16 --> Table 'pudidi_stream.video_slider' doesn't exist
CRITICAL - 2021-11-26 08:42:16 --> Table 'pudidi_stream.video_slider' doesn't exist
#0 E:\OpenServer\domains\pudidistream\trunk\vendor\codeigniter4\framework\system\Database\MySQLi\Connection.php(292): mysqli->query()
#1 E:\OpenServer\domains\pudidistream\trunk\vendor\codeigniter4\framework\system\Database\BaseConnection.php(670): CodeIgniter\Database\MySQLi\Connection->execute()
#2 E:\OpenServer\domains\pudidistream\trunk\vendor\codeigniter4\framework\system\Database\BaseConnection.php(598): CodeIgniter\Database\BaseConnection->simpleQuery()
#3 E:\OpenServer\domains\pudidistream\trunk\vendor\codeigniter4\framework\system\Database\BaseBuilder.php(1443): CodeIgniter\Database\BaseConnection->query()
#4 E:\OpenServer\domains\pudidistream\trunk\app\Models\MVideos.php(159): CodeIgniter\Database\BaseBuilder->get()
#5 E:\OpenServer\domains\pudidistream\trunk\app\Controllers\Landing.php(11): App\Models\MVideos->getSlideVideo()
#6 E:\OpenServer\domains\pudidistream\trunk\vendor\codeigniter4\framework\system\CodeIgniter.php(824): App\Controllers\Landing->index()
#7 E:\OpenServer\domains\pudidistream\trunk\vendor\codeigniter4\framework\system\CodeIgniter.php(410): CodeIgniter\CodeIgniter->runController()
#8 E:\OpenServer\domains\pudidistream\trunk\vendor\codeigniter4\framework\system\CodeIgniter.php(318): CodeIgniter\CodeIgniter->handleRequest()
#9 E:\OpenServer\domains\pudidistream\trunk\index.php(44): CodeIgniter\CodeIgniter->run()
#10 {main}
CRITICAL - 2021-11-26 08:42:33 --> Undefined index: video_slider_img
#0 E:\OpenServer\domains\pudidistream\trunk\app\Views\landing\home\home.php(9): CodeIgniter\Debug\Exceptions->errorHandler()
#1 E:\OpenServer\domains\pudidistream\trunk\vendor\codeigniter4\framework\system\View\View.php(214): include('E:\\OpenServer\\d...')
#2 E:\OpenServer\domains\pudidistream\trunk\vendor\codeigniter4\framework\system\View\View.php(217): CodeIgniter\View\View->CodeIgniter\View\{closure}()
#3 E:\OpenServer\domains\pudidistream\trunk\vendor\codeigniter4\framework\system\Common.php(1097): CodeIgniter\View\View->render()
#4 E:\OpenServer\domains\pudidistream\trunk\app\Controllers\Landing.php(12): view()
#5 E:\OpenServer\domains\pudidistream\trunk\vendor\codeigniter4\framework\system\CodeIgniter.php(824): App\Controllers\Landing->index()
#6 E:\OpenServer\domains\pudidistream\trunk\vendor\codeigniter4\framework\system\CodeIgniter.php(410): CodeIgniter\CodeIgniter->runController()
#7 E:\OpenServer\domains\pudidistream\trunk\vendor\codeigniter4\framework\system\CodeIgniter.php(318): CodeIgniter\CodeIgniter->handleRequest()
#8 E:\OpenServer\domains\pudidistream\trunk\index.php(44): CodeIgniter\CodeIgniter->run()
#9 {main}
ERROR - 2021-11-26 17:38:18 --> Expression #1 of SELECT list is not in GROUP BY clause and contains nonaggregated column 'pudidi_stream.video.video_id' which is not functionally dependent on columns in GROUP BY clause; this is incompatible with sql_mode=only_full_group_by
CRITICAL - 2021-11-26 17:38:18 --> Expression #1 of SELECT list is not in GROUP BY clause and contains nonaggregated column 'pudidi_stream.video.video_id' which is not functionally dependent on columns in GROUP BY clause; this is incompatible with sql_mode=only_full_group_by
#0 E:\OpenServer\domains\pudidistream\trunk\vendor\codeigniter4\framework\system\Database\MySQLi\Connection.php(292): mysqli->query()
#1 E:\OpenServer\domains\pudidistream\trunk\vendor\codeigniter4\framework\system\Database\BaseConnection.php(670): CodeIgniter\Database\MySQLi\Connection->execute()
#2 E:\OpenServer\domains\pudidistream\trunk\vendor\codeigniter4\framework\system\Database\BaseConnection.php(598): CodeIgniter\Database\BaseConnection->simpleQuery()
#3 E:\OpenServer\domains\pudidistream\trunk\vendor\codeigniter4\framework\system\Database\BaseBuilder.php(1443): CodeIgniter\Database\BaseConnection->query()
#4 E:\OpenServer\domains\pudidistream\trunk\app\Models\MUtils.php(60): CodeIgniter\Database\BaseBuilder->get()
#5 E:\OpenServer\domains\pudidistream\trunk\app\Controllers\Landing.php(16): App\Models\MUtils->getSelect2()
#6 E:\OpenServer\domains\pudidistream\trunk\vendor\codeigniter4\framework\system\CodeIgniter.php(824): App\Controllers\Landing->index()
#7 E:\OpenServer\domains\pudidistream\trunk\vendor\codeigniter4\framework\system\CodeIgniter.php(410): CodeIgniter\CodeIgniter->runController()
#8 E:\OpenServer\domains\pudidistream\trunk\vendor\codeigniter4\framework\system\CodeIgniter.php(318): CodeIgniter\CodeIgniter->handleRequest()
#9 E:\OpenServer\domains\pudidistream\trunk\index.php(44): CodeIgniter\CodeIgniter->run()
#10 {main}
ERROR - 2021-11-26 17:39:23 --> Expression #1 of SELECT list is not in GROUP BY clause and contains nonaggregated column 'pudidi_stream.video.video_id' which is not functionally dependent on columns in GROUP BY clause; this is incompatible with sql_mode=only_full_group_by
CRITICAL - 2021-11-26 17:39:23 --> Expression #1 of SELECT list is not in GROUP BY clause and contains nonaggregated column 'pudidi_stream.video.video_id' which is not functionally dependent on columns in GROUP BY clause; this is incompatible with sql_mode=only_full_group_by
#0 E:\OpenServer\domains\pudidistream\trunk\vendor\codeigniter4\framework\system\Database\MySQLi\Connection.php(292): mysqli->query()
#1 E:\OpenServer\domains\pudidistream\trunk\vendor\codeigniter4\framework\system\Database\BaseConnection.php(670): CodeIgniter\Database\MySQLi\Connection->execute()
#2 E:\OpenServer\domains\pudidistream\trunk\vendor\codeigniter4\framework\system\Database\BaseConnection.php(598): CodeIgniter\Database\BaseConnection->simpleQuery()
#3 E:\OpenServer\domains\pudidistream\trunk\vendor\codeigniter4\framework\system\Database\BaseBuilder.php(1443): CodeIgniter\Database\BaseConnection->query()
#4 E:\OpenServer\domains\pudidistream\trunk\app\Models\MUtils.php(60): CodeIgniter\Database\BaseBuilder->get()
#5 E:\OpenServer\domains\pudidistream\trunk\app\Controllers\Landing.php(16): App\Models\MUtils->getSelect2()
#6 E:\OpenServer\domains\pudidistream\trunk\vendor\codeigniter4\framework\system\CodeIgniter.php(824): App\Controllers\Landing->index()
#7 E:\OpenServer\domains\pudidistream\trunk\vendor\codeigniter4\framework\system\CodeIgniter.php(410): CodeIgniter\CodeIgniter->runController()
#8 E:\OpenServer\domains\pudidistream\trunk\vendor\codeigniter4\framework\system\CodeIgniter.php(318): CodeIgniter\CodeIgniter->handleRequest()
#9 E:\OpenServer\domains\pudidistream\trunk\index.php(44): CodeIgniter\CodeIgniter->run()
#10 {main}
ERROR - 2021-11-26 17:40:04 --> Expression #1 of SELECT list is not in GROUP BY clause and contains nonaggregated column 'pudidi_stream.video.video_id' which is not functionally dependent on columns in GROUP BY clause; this is incompatible with sql_mode=only_full_group_by
CRITICAL - 2021-11-26 17:40:04 --> Expression #1 of SELECT list is not in GROUP BY clause and contains nonaggregated column 'pudidi_stream.video.video_id' which is not functionally dependent on columns in GROUP BY clause; this is incompatible with sql_mode=only_full_group_by
#0 E:\OpenServer\domains\pudidistream\trunk\vendor\codeigniter4\framework\system\Database\MySQLi\Connection.php(292): mysqli->query()
#1 E:\OpenServer\domains\pudidistream\trunk\vendor\codeigniter4\framework\system\Database\BaseConnection.php(670): CodeIgniter\Database\MySQLi\Connection->execute()
#2 E:\OpenServer\domains\pudidistream\trunk\vendor\codeigniter4\framework\system\Database\BaseConnection.php(598): CodeIgniter\Database\BaseConnection->simpleQuery()
#3 E:\OpenServer\domains\pudidistream\trunk\vendor\codeigniter4\framework\system\Database\BaseBuilder.php(1443): CodeIgniter\Database\BaseConnection->query()
#4 E:\OpenServer\domains\pudidistream\trunk\app\Models\MUtils.php(60): CodeIgniter\Database\BaseBuilder->get()
#5 E:\OpenServer\domains\pudidistream\trunk\app\Controllers\Landing.php(16): App\Models\MUtils->getSelect2()
#6 E:\OpenServer\domains\pudidistream\trunk\vendor\codeigniter4\framework\system\CodeIgniter.php(824): App\Controllers\Landing->index()
#7 E:\OpenServer\domains\pudidistream\trunk\vendor\codeigniter4\framework\system\CodeIgniter.php(410): CodeIgniter\CodeIgniter->runController()
#8 E:\OpenServer\domains\pudidistream\trunk\vendor\codeigniter4\framework\system\CodeIgniter.php(318): CodeIgniter\CodeIgniter->handleRequest()
#9 E:\OpenServer\domains\pudidistream\trunk\index.php(44): CodeIgniter\CodeIgniter->run()
#10 {main}
ERROR - 2021-11-26 17:41:30 --> Expression #1 of SELECT list is not in GROUP BY clause and contains nonaggregated column 'pudidi_stream.video.video_id' which is not functionally dependent on columns in GROUP BY clause; this is incompatible with sql_mode=only_full_group_by
CRITICAL - 2021-11-26 17:41:30 --> Expression #1 of SELECT list is not in GROUP BY clause and contains nonaggregated column 'pudidi_stream.video.video_id' which is not functionally dependent on columns in GROUP BY clause; this is incompatible with sql_mode=only_full_group_by
#0 E:\OpenServer\domains\pudidistream\trunk\vendor\codeigniter4\framework\system\Database\MySQLi\Connection.php(292): mysqli->query()
#1 E:\OpenServer\domains\pudidistream\trunk\vendor\codeigniter4\framework\system\Database\BaseConnection.php(670): CodeIgniter\Database\MySQLi\Connection->execute()
#2 E:\OpenServer\domains\pudidistream\trunk\vendor\codeigniter4\framework\system\Database\BaseConnection.php(598): CodeIgniter\Database\BaseConnection->simpleQuery()
#3 E:\OpenServer\domains\pudidistream\trunk\vendor\codeigniter4\framework\system\Database\BaseBuilder.php(1443): CodeIgniter\Database\BaseConnection->query()
#4 E:\OpenServer\domains\pudidistream\trunk\app\Models\MUtils.php(60): CodeIgniter\Database\BaseBuilder->get()
#5 E:\OpenServer\domains\pudidistream\trunk\app\Controllers\Landing.php(16): App\Models\MUtils->getSelect2()
#6 E:\OpenServer\domains\pudidistream\trunk\vendor\codeigniter4\framework\system\CodeIgniter.php(824): App\Controllers\Landing->index()
#7 E:\OpenServer\domains\pudidistream\trunk\vendor\codeigniter4\framework\system\CodeIgniter.php(410): CodeIgniter\CodeIgniter->runController()
#8 E:\OpenServer\domains\pudidistream\trunk\vendor\codeigniter4\framework\system\CodeIgniter.php(318): CodeIgniter\CodeIgniter->handleRequest()
#9 E:\OpenServer\domains\pudidistream\trunk\index.php(44): CodeIgniter\CodeIgniter->run()
#10 {main}
