CRITICAL - 2021-11-17 06:37:59 --> You must set the database table to be used with your query.
#0 E:\OpenServer\domains\pudidistream\trunk\vendor\codeigniter4\framework\system\Model.php(545): CodeIgniter\Database\BaseConnection->table()
#1 E:\OpenServer\domains\pudidistream\trunk\vendor\codeigniter4\framework\system\Model.php(717): CodeIgniter\Model->builder()
#2 E:\OpenServer\domains\pudidistream\trunk\app\Controllers\Administrator.php(179): CodeIgniter\Model->__call()
#3 E:\OpenServer\domains\pudidistream\trunk\vendor\codeigniter4\framework\system\CodeIgniter.php(824): App\Controllers\Administrator->video_kategori_form()
#4 E:\OpenServer\domains\pudidistream\trunk\vendor\codeigniter4\framework\system\CodeIgniter.php(410): CodeIgniter\CodeIgniter->runController()
#5 E:\OpenServer\domains\pudidistream\trunk\vendor\codeigniter4\framework\system\CodeIgniter.php(318): CodeIgniter\CodeIgniter->handleRequest()
#6 E:\OpenServer\domains\pudidistream\trunk\index.php(44): CodeIgniter\CodeIgniter->run()
#7 {main}
CRITICAL - 2021-11-17 06:38:13 --> You must set the database table to be used with your query.
#0 E:\OpenServer\domains\pudidistream\trunk\vendor\codeigniter4\framework\system\Model.php(545): CodeIgniter\Database\BaseConnection->table()
#1 E:\OpenServer\domains\pudidistream\trunk\vendor\codeigniter4\framework\system\Model.php(717): CodeIgniter\Model->builder()
#2 E:\OpenServer\domains\pudidistream\trunk\app\Controllers\Administrator.php(179): CodeIgniter\Model->__call()
#3 E:\OpenServer\domains\pudidistream\trunk\vendor\codeigniter4\framework\system\CodeIgniter.php(824): App\Controllers\Administrator->video_kategori_form()
#4 E:\OpenServer\domains\pudidistream\trunk\vendor\codeigniter4\framework\system\CodeIgniter.php(410): CodeIgniter\CodeIgniter->runController()
#5 E:\OpenServer\domains\pudidistream\trunk\vendor\codeigniter4\framework\system\CodeIgniter.php(318): CodeIgniter\CodeIgniter->handleRequest()
#6 E:\OpenServer\domains\pudidistream\trunk\index.php(44): CodeIgniter\CodeIgniter->run()
#7 {main}
CRITICAL - 2021-11-17 07:52:05 --> Undefined index: video_kategori_id
#0 E:\OpenServer\domains\pudidistream\trunk\app\Models\MVideos.php(16): CodeIgniter\Debug\Exceptions->errorHandler()
#1 E:\OpenServer\domains\pudidistream\trunk\app\Controllers\Administrator.php(197): App\Models\MVideos->KategoriSave()
#2 E:\OpenServer\domains\pudidistream\trunk\vendor\codeigniter4\framework\system\CodeIgniter.php(824): App\Controllers\Administrator->video_kategori_save()
#3 E:\OpenServer\domains\pudidistream\trunk\vendor\codeigniter4\framework\system\CodeIgniter.php(410): CodeIgniter\CodeIgniter->runController()
#4 E:\OpenServer\domains\pudidistream\trunk\vendor\codeigniter4\framework\system\CodeIgniter.php(318): CodeIgniter\CodeIgniter->handleRequest()
#5 E:\OpenServer\domains\pudidistream\trunk\index.php(44): CodeIgniter\CodeIgniter->run()
#6 {main}
CRITICAL - 2021-11-17 07:53:46 --> Undefined index: video_kategori_id
#0 E:\OpenServer\domains\pudidistream\trunk\app\Models\MVideos.php(16): CodeIgniter\Debug\Exceptions->errorHandler()
#1 E:\OpenServer\domains\pudidistream\trunk\app\Controllers\Administrator.php(197): App\Models\MVideos->KategoriSave()
#2 E:\OpenServer\domains\pudidistream\trunk\vendor\codeigniter4\framework\system\CodeIgniter.php(824): App\Controllers\Administrator->video_kategori_save()
#3 E:\OpenServer\domains\pudidistream\trunk\vendor\codeigniter4\framework\system\CodeIgniter.php(410): CodeIgniter\CodeIgniter->runController()
#4 E:\OpenServer\domains\pudidistream\trunk\vendor\codeigniter4\framework\system\CodeIgniter.php(318): CodeIgniter\CodeIgniter->handleRequest()
#5 E:\OpenServer\domains\pudidistream\trunk\index.php(44): CodeIgniter\CodeIgniter->run()
#6 {main}
CRITICAL - 2021-11-17 08:49:22 --> You must set the database table to be used with your query.
#0 E:\OpenServer\domains\pudidistream\trunk\vendor\codeigniter4\framework\system\Model.php(545): CodeIgniter\Database\BaseConnection->table()
#1 E:\OpenServer\domains\pudidistream\trunk\vendor\codeigniter4\framework\system\Model.php(717): CodeIgniter\Model->builder()
#2 E:\OpenServer\domains\pudidistream\trunk\app\Controllers\Administrator.php(250): CodeIgniter\Model->__call()
#3 E:\OpenServer\domains\pudidistream\trunk\vendor\codeigniter4\framework\system\CodeIgniter.php(824): App\Controllers\Administrator->video_form()
#4 E:\OpenServer\domains\pudidistream\trunk\vendor\codeigniter4\framework\system\CodeIgniter.php(410): CodeIgniter\CodeIgniter->runController()
#5 E:\OpenServer\domains\pudidistream\trunk\vendor\codeigniter4\framework\system\CodeIgniter.php(318): CodeIgniter\CodeIgniter->handleRequest()
#6 E:\OpenServer\domains\pudidistream\trunk\index.php(44): CodeIgniter\CodeIgniter->run()
#7 {main}
CRITICAL - 2021-11-17 09:47:34 --> Undefined variable: country
#0 E:\OpenServer\domains\pudidistream\trunk\app\Views\administrator\video\video_form.php(31): CodeIgniter\Debug\Exceptions->errorHandler()
#1 E:\OpenServer\domains\pudidistream\trunk\vendor\codeigniter4\framework\system\View\View.php(214): include('E:\\OpenServer\\d...')
#2 E:\OpenServer\domains\pudidistream\trunk\vendor\codeigniter4\framework\system\View\View.php(217): CodeIgniter\View\View->CodeIgniter\View\{closure}()
#3 E:\OpenServer\domains\pudidistream\trunk\vendor\codeigniter4\framework\system\Common.php(1097): CodeIgniter\View\View->render()
#4 E:\OpenServer\domains\pudidistream\trunk\app\Controllers\Administrator.php(252): view()
#5 E:\OpenServer\domains\pudidistream\trunk\vendor\codeigniter4\framework\system\CodeIgniter.php(824): App\Controllers\Administrator->video_form()
#6 E:\OpenServer\domains\pudidistream\trunk\vendor\codeigniter4\framework\system\CodeIgniter.php(410): CodeIgniter\CodeIgniter->runController()
#7 E:\OpenServer\domains\pudidistream\trunk\vendor\codeigniter4\framework\system\CodeIgniter.php(318): CodeIgniter\CodeIgniter->handleRequest()
#8 E:\OpenServer\domains\pudidistream\trunk\index.php(44): CodeIgniter\CodeIgniter->run()
#9 {main}
