CRITICAL - 2021-12-10 00:05:46 --> Trying to access array offset on value of type null
#0 E:\OpenServer\domains\pudidistream\trunk\app\Views\landing\user\user.php(34): CodeIgniter\Debug\Exceptions->errorHandler()
#1 E:\OpenServer\domains\pudidistream\trunk\vendor\codeigniter4\framework\system\View\View.php(214): include('E:\\OpenServer\\d...')
#2 E:\OpenServer\domains\pudidistream\trunk\vendor\codeigniter4\framework\system\View\View.php(217): CodeIgniter\View\View->CodeIgniter\View\{closure}()
#3 E:\OpenServer\domains\pudidistream\trunk\vendor\codeigniter4\framework\system\Common.php(1097): CodeIgniter\View\View->render()
#4 E:\OpenServer\domains\pudidistream\trunk\app\Controllers\Users.php(26): view()
#5 E:\OpenServer\domains\pudidistream\trunk\vendor\codeigniter4\framework\system\CodeIgniter.php(824): App\Controllers\Users->index()
#6 E:\OpenServer\domains\pudidistream\trunk\vendor\codeigniter4\framework\system\CodeIgniter.php(410): CodeIgniter\CodeIgniter->runController()
#7 E:\OpenServer\domains\pudidistream\trunk\vendor\codeigniter4\framework\system\CodeIgniter.php(318): CodeIgniter\CodeIgniter->handleRequest()
#8 E:\OpenServer\domains\pudidistream\trunk\index.php(44): CodeIgniter\CodeIgniter->run()
#9 {main}
CRITICAL - 2021-12-10 00:06:04 --> Trying to access array offset on value of type null
#0 E:\OpenServer\domains\pudidistream\trunk\app\Views\landing\user\user.php(34): CodeIgniter\Debug\Exceptions->errorHandler()
#1 E:\OpenServer\domains\pudidistream\trunk\vendor\codeigniter4\framework\system\View\View.php(214): include('E:\\OpenServer\\d...')
#2 E:\OpenServer\domains\pudidistream\trunk\vendor\codeigniter4\framework\system\View\View.php(217): CodeIgniter\View\View->CodeIgniter\View\{closure}()
#3 E:\OpenServer\domains\pudidistream\trunk\vendor\codeigniter4\framework\system\Common.php(1097): CodeIgniter\View\View->render()
#4 E:\OpenServer\domains\pudidistream\trunk\app\Controllers\Users.php(26): view()
#5 E:\OpenServer\domains\pudidistream\trunk\vendor\codeigniter4\framework\system\CodeIgniter.php(824): App\Controllers\Users->index()
#6 E:\OpenServer\domains\pudidistream\trunk\vendor\codeigniter4\framework\system\CodeIgniter.php(410): CodeIgniter\CodeIgniter->runController()
#7 E:\OpenServer\domains\pudidistream\trunk\vendor\codeigniter4\framework\system\CodeIgniter.php(318): CodeIgniter\CodeIgniter->handleRequest()
#8 E:\OpenServer\domains\pudidistream\trunk\index.php(44): CodeIgniter\CodeIgniter->run()
#9 {main}
CRITICAL - 2021-12-10 00:08:15 --> Trying to access array offset on value of type null
#0 E:\OpenServer\domains\pudidistream\trunk\app\Views\landing\user\user.php(34): CodeIgniter\Debug\Exceptions->errorHandler()
#1 E:\OpenServer\domains\pudidistream\trunk\vendor\codeigniter4\framework\system\View\View.php(214): include('E:\\OpenServer\\d...')
#2 E:\OpenServer\domains\pudidistream\trunk\vendor\codeigniter4\framework\system\View\View.php(217): CodeIgniter\View\View->CodeIgniter\View\{closure}()
#3 E:\OpenServer\domains\pudidistream\trunk\vendor\codeigniter4\framework\system\Common.php(1097): CodeIgniter\View\View->render()
#4 E:\OpenServer\domains\pudidistream\trunk\app\Controllers\Users.php(26): view()
#5 E:\OpenServer\domains\pudidistream\trunk\vendor\codeigniter4\framework\system\CodeIgniter.php(824): App\Controllers\Users->index()
#6 E:\OpenServer\domains\pudidistream\trunk\vendor\codeigniter4\framework\system\CodeIgniter.php(410): CodeIgniter\CodeIgniter->runController()
#7 E:\OpenServer\domains\pudidistream\trunk\vendor\codeigniter4\framework\system\CodeIgniter.php(318): CodeIgniter\CodeIgniter->handleRequest()
#8 E:\OpenServer\domains\pudidistream\trunk\index.php(44): CodeIgniter\CodeIgniter->run()
#9 {main}
CRITICAL - 2021-12-10 00:13:46 --> Trying to access array offset on value of type null
#0 E:\OpenServer\domains\pudidistream\trunk\app\Views\landing\user\user.php(34): CodeIgniter\Debug\Exceptions->errorHandler()
#1 E:\OpenServer\domains\pudidistream\trunk\vendor\codeigniter4\framework\system\View\View.php(214): include('E:\\OpenServer\\d...')
#2 E:\OpenServer\domains\pudidistream\trunk\vendor\codeigniter4\framework\system\View\View.php(217): CodeIgniter\View\View->CodeIgniter\View\{closure}()
#3 E:\OpenServer\domains\pudidistream\trunk\vendor\codeigniter4\framework\system\Common.php(1097): CodeIgniter\View\View->render()
#4 E:\OpenServer\domains\pudidistream\trunk\app\Controllers\Users.php(26): view()
#5 E:\OpenServer\domains\pudidistream\trunk\vendor\codeigniter4\framework\system\CodeIgniter.php(824): App\Controllers\Users->index()
#6 E:\OpenServer\domains\pudidistream\trunk\vendor\codeigniter4\framework\system\CodeIgniter.php(410): CodeIgniter\CodeIgniter->runController()
#7 E:\OpenServer\domains\pudidistream\trunk\vendor\codeigniter4\framework\system\CodeIgniter.php(318): CodeIgniter\CodeIgniter->handleRequest()
#8 E:\OpenServer\domains\pudidistream\trunk\index.php(44): CodeIgniter\CodeIgniter->run()
#9 {main}
CRITICAL - 2021-12-10 00:13:53 --> Trying to access array offset on value of type null
#0 E:\OpenServer\domains\pudidistream\trunk\app\Views\landing\user\user.php(34): CodeIgniter\Debug\Exceptions->errorHandler()
#1 E:\OpenServer\domains\pudidistream\trunk\vendor\codeigniter4\framework\system\View\View.php(214): include('E:\\OpenServer\\d...')
#2 E:\OpenServer\domains\pudidistream\trunk\vendor\codeigniter4\framework\system\View\View.php(217): CodeIgniter\View\View->CodeIgniter\View\{closure}()
#3 E:\OpenServer\domains\pudidistream\trunk\vendor\codeigniter4\framework\system\Common.php(1097): CodeIgniter\View\View->render()
#4 E:\OpenServer\domains\pudidistream\trunk\app\Controllers\Users.php(26): view()
#5 E:\OpenServer\domains\pudidistream\trunk\vendor\codeigniter4\framework\system\CodeIgniter.php(824): App\Controllers\Users->index()
#6 E:\OpenServer\domains\pudidistream\trunk\vendor\codeigniter4\framework\system\CodeIgniter.php(410): CodeIgniter\CodeIgniter->runController()
#7 E:\OpenServer\domains\pudidistream\trunk\vendor\codeigniter4\framework\system\CodeIgniter.php(318): CodeIgniter\CodeIgniter->handleRequest()
#8 E:\OpenServer\domains\pudidistream\trunk\index.php(44): CodeIgniter\CodeIgniter->run()
#9 {main}
